#
# A fatal error has been detected by the Java Runtime Environment:
#
#  SIGBUS (0x7) at pc=0x00007f450ab2af5d, pid=12363, tid=139933444142848
#
# JRE version: OpenJDK Runtime Environment (7.0_65-b32) (build 1.7.0_65-b32)
# Java VM: OpenJDK 64-Bit Server VM (24.65-b04 mixed mode linux-amd64 compressed oops)
# Derivative: IcedTea 2.5.3
# Distribution: Ubuntu 14.04 LTS, package 7u71-2.5.3-0ubuntu0.14.04.1
# Problematic frame:
# C  [libzip.so+0x4f5d]
#
# Failed to write core dump. Core dumps have been disabled. To enable core dumping, try "ulimit -c unlimited" before starting Java again
#
# If you would like to submit a bug report, please include
# instructions on how to reproduce the bug and visit:
#   http://icedtea.classpath.org/bugzilla
# The crash happened outside the Java Virtual Machine in native code.
# See problematic frame for where to report the bug.
#

---------------  T H R E A D  ---------------

Current thread (0x00007f4504c72000):  JavaThread "Timer-1" daemon [_thread_in_native, id=12385, stack(0x00007f44cb2af000,0x00007f44cb3b0000)]

siginfo:si_signo=SIGBUS: si_errno=0, si_code=2 (BUS_ADRERR), si_addr=0x00007f44cb3db801

Registers:
RAX=0x00007f44b0238a20, RBX=0x00007f45047ae360, RCX=0x00007f44b0000020, RDX=0x00007f44b0238a20
RSP=0x00007f44cb3ab2d0, RBP=0x00007f44cb3ab330, RSI=0x00000000000005ac, RDI=0x0000000000000000
R8 =0x0000000000000003, R9 =0x00007f44b0000078, R10=0x00007f45010b91f8, R11=0x00000000f1e25800
R12=0x00007f45047ae5a8, R13=0x00007f44cb3db7e4, R14=0x00007f44b0238a20, R15=0x000000002c716e02
RIP=0x00007f450ab2af5d, EFLAGS=0x0000000000010206, CSGSFS=0x0000000000000033, ERR=0x0000000000000004
  TRAPNO=0x000000000000000e

Top of Stack: (sp=0x00007f44cb3ab2d0)
0x00007f44cb3ab2d0:   00007f44cb3ab788 00007f44cb3ab4a0
0x00007f44cb3ab2e0:   00007f44cb3ab300 0000000004c73be0
0x00007f44cb3ab2f0:   00007f44cb3ab4f0 00007f450cd6c84c
0x00007f44cb3ab300:   00007f44cb3ab3a0 00007f45047ae5a0
0x00007f44cb3ab310:   00007f45047ae360 00007f44cb3ab3a0
0x00007f44cb3ab320:   00007f44b0238580 000000002c716e02
0x00007f44cb3ab330:   00007f44cb3ab380 00007f450ab2bd0d
0x00007f44cb3ab340:   00007f44cb3ab3e0 0000003104c721d8
0x00007f44cb3ab350:   00000000000003d8 00007f44cb3ab3a0
0x00007f44cb3ab360:   00007f44cb3ab7f8 00007f44cb3ab3a0
0x00007f44cb3ab370:   0000000000000031 00007f4504c721d8
0x00007f44cb3ab380:   00007f44cb3ab7e0 00007f450ab29958
0x00007f44cb3ab390:   000000010d3779d0 00007f45047ae360
0x00007f44cb3ab3a0:   464e492d4154454d 656369767265732f
0x00007f44cb3ab3b0:   2e786176616a2f73 78652e73722e7377
0x00007f44cb3ab3c0:   6d69746e75522e74 746167656c654465
0x00007f44cb3ab3d0:   00007f44cb000065 00000000f1e23f78
0x00007f44cb3ab3e0:   00000000c509b858 ffffffffffffffff
0x00007f44cb3ab3f0:   00000000544b5afb 000000000004d30d
0x00007f44cb3ab400:   00007f44d81a97d8 00007f4500000000
0x00007f44cb3ab410:   00007f44cb3ab440 00007f4504010100
0x00007f44cb3ab420:   00007f4504c73cd0 00007f44cb3ab3d8
0x00007f44cb3ab430:   00007f44cb3ab419 0000000800000002
0x00007f44cb3ab440:   00007f44cb3ab400 00007f450cbb81f2
0x00007f44cb3ab450:   00007f44cb3ab480 00007f4504c72000
0x00007f44cb3ab460:   0000000000000000 00007f4504081e70
0x00007f44cb3ab470:   00007f4504c72000 00007f4504c72000
0x00007f44cb3ab480:   00007f44cb3ab610 00007f450cbe0f70
0x00007f44cb3ab490:   00007f4504c72000 00007f450101ea05
0x00007f44cb3ab4a0:   000000000000000d 00007f44b00023c8
0x00007f44cb3ab4b0:   00000000b9cbdb13 0000003000000018
0x00007f44cb3ab4c0:   00007f44cb3ab620 00007f44cb3ab530 

Instructions: (pc=0x00007f450ab2af5d)
0x00007f450ab2af3d:   73 48 48 8b 7b 10 b9 a0 00 00 00 49 8b 14 24 e8
0x00007f450ab2af4d:   8f fe ff ff 49 89 c5 4d 85 ed 0f 84 d3 04 00 00
0x00007f450ab2af5d:   41 0f b6 55 1d 41 0f b6 45 1c 45 31 e4 41 0f b6
0x00007f450ab2af6d:   75 0d 41 0f b6 7d 0e 45 0f b6 7d 1f c1 e2 08 09 

Register to memory mapping:

RAX=0x00007f44b0238a20 is an unknown value
RBX=0x00007f45047ae360 is an unknown value
RCX=0x00007f44b0000020 is an unknown value
RDX=0x00007f44b0238a20 is an unknown value
RSP=0x00007f44cb3ab2d0 is pointing into the stack for thread: 0x00007f4504c72000
RBP=0x00007f44cb3ab330 is pointing into the stack for thread: 0x00007f4504c72000
RSI=0x00000000000005ac is an unknown value
RDI=0x0000000000000000 is an unknown value
R8 =0x0000000000000003 is an unknown value
R9 =0x00007f44b0000078 is an unknown value
R10=0x00007f45010b91f8 is at entry_point+88 in (nmethod*)0x00007f45010b9010
R11=0x00000000f1e25800 is an unknown value
R12=0x00007f45047ae5a8 is an unknown value
R13=0x00007f44cb3db7e4 is an unknown value
R14=0x00007f44b0238a20 is an unknown value
R15=0x000000002c716e02 is an unknown value


Stack: [0x00007f44cb2af000,0x00007f44cb3b0000],  sp=0x00007f44cb3ab2d0,  free space=1008k
Native frames: (J=compiled Java code, j=interpreted, Vv=VM code, C=native code)
C  [libzip.so+0x4f5d]
C  [libzip.so+0x5d0d]  ZIP_GetEntry+0xcd
C  [libzip.so+0x3958]  Java_java_util_zip_ZipFile_getEntry+0xa8
J 124  java.util.zip.ZipFile.getEntry(J[BZ)J (0 bytes) @ 0x00007f45010b926e [0x00007f45010b91a0+0xce]

Java frames: (J=compiled Java code, j=interpreted, Vv=VM code)
J 124  java.util.zip.ZipFile.getEntry(J[BZ)J (0 bytes) @ 0x00007f45010b91f8 [0x00007f45010b91a0+0x58]
J 315 C2 java.util.jar.JarFile.getEntry(Ljava/lang/String;)Ljava/util/zip/ZipEntry; (22 bytes) @ 0x00007f450113fff4 [0x00007f450113ff40+0xb4]
J 488 C2 sun.misc.URLClassPath$JarLoader.getResource(Ljava/lang/String;Z)Lsun/misc/Resource; (91 bytes) @ 0x00007f45011df6ac [0x00007f45011df640+0x6c]
j  sun.misc.URLClassPath$JarLoader.findResource(Ljava/lang/String;Z)Ljava/net/URL;+3
j  sun.misc.URLClassPath.findResource(Ljava/lang/String;Z)Ljava/net/URL;+17
j  java.net.URLClassLoader$2.run()Ljava/net/URL;+12
j  java.net.URLClassLoader$2.run()Ljava/lang/Object;+1
v  ~StubRoutines::call_stub
j  java.security.AccessController.doPrivileged(Ljava/security/PrivilegedAction;Ljava/security/AccessControlContext;)Ljava/lang/Object;+0
j  java.net.URLClassLoader.findResource(Ljava/lang/String;)Ljava/net/URL;+13
j  java.lang.ClassLoader.getResource(Ljava/lang/String;)Ljava/net/URL;+30
j  com.google.appengine.tools.development.IsolatedAppClassLoader.getResource(Ljava/lang/String;)Ljava/net/URL;+110
j  java.net.URLClassLoader.getResourceAsStream(Ljava/lang/String;)Ljava/io/InputStream;+2
j  javax.ws.rs.ext.FactoryFinder.find(Ljava/lang/String;Ljava/lang/String;)Ljava/lang/Object;+39
j  javax.ws.rs.ext.RuntimeDelegate.findDelegate()Ljavax/ws/rs/ext/RuntimeDelegate;+4
j  javax.ws.rs.ext.RuntimeDelegate.getInstance()Ljavax/ws/rs/ext/RuntimeDelegate;+22
j  javax.ws.rs.core.MediaType.valueOf(Ljava/lang/String;)Ljavax/ws/rs/core/MediaType;+0
j  org.glassfish.jersey.message.internal.MediaTypes.<clinit>()V+3
v  ~StubRoutines::call_stub
J 407  java.lang.Class.forName0(Ljava/lang/String;ZLjava/lang/ClassLoader;Ljava/lang/Class;)Ljava/lang/Class; (0 bytes) @ 0x00007f450118419a [0x00007f4501184120+0x7a]
J 544 C2 com.google.appengine.tools.development.agent.runtime.Runtime.checkRestricted(ZLjava/lang/String;Ljava/lang/String;Ljava/lang/String;)V (16 bytes) @ 0x00007f450123abec [0x00007f450123aa00+0x1ec]
j  org.glassfish.jersey.message.internal.MessageBodyFactory.initReaders(Ljava/util/List;Ljava/util/Set;Z)V+63
j  org.glassfish.jersey.message.internal.MessageBodyFactory.initReaders()V+86
j  org.glassfish.jersey.message.internal.MessageBodyFactory.<init>(Lorg/glassfish/hk2/api/ServiceLocator;Ljavax/ws/rs/core/Configuration;)V+204
v  ~StubRoutines::call_stub
j  sun.reflect.NativeConstructorAccessorImpl.newInstance0(Ljava/lang/reflect/Constructor;[Ljava/lang/Object;)Ljava/lang/Object;+0
j  sun.reflect.NativeConstructorAccessorImpl.newInstance([Ljava/lang/Object;)Ljava/lang/Object;+72
j  sun.reflect.DelegatingConstructorAccessorImpl.newInstance([Ljava/lang/Object;)Ljava/lang/Object;+5
j  java.lang.reflect.Constructor.newInstance([Ljava/lang/Object;)Ljava/lang/Object;+79
j  com.google.appengine.tools.development.agent.runtime.Runtime.newInstance_(Ljava/lang/Class;Ljava/lang/reflect/Constructor;[Ljava/lang/Object;)Ljava/lang/Object;+22
j  com.google.appengine.tools.development.agent.runtime.Runtime.newInstance(Ljava/lang/reflect/Constructor;[Ljava/lang/Object;)Ljava/lang/Object;+5
j  org.glassfish.hk2.utilities.reflection.ReflectionHelper.makeMe(Ljava/lang/reflect/Constructor;[Ljava/lang/Object;)Ljava/lang/Object;+10
j  org.jvnet.hk2.internal.ClazzCreator.createMe(Ljava/util/Map;)Ljava/lang/Object;+95
j  org.jvnet.hk2.internal.ClazzCreator.create(Lorg/glassfish/hk2/api/ServiceHandle;Lorg/jvnet/hk2/internal/SystemDescriptor;)Ljava/lang/Object;+73
j  org.jvnet.hk2.internal.SystemDescriptor.create(Lorg/glassfish/hk2/api/ServiceHandle;)Ljava/lang/Object;+105
j  org.jvnet.hk2.internal.SingletonContext.findOrCreate(Lorg/glassfish/hk2/api/ActiveDescriptor;Lorg/glassfish/hk2/api/ServiceHandle;)Ljava/lang/Object;+246
j  org.jvnet.hk2.internal.Utilities.createService(Lorg/glassfish/hk2/api/ActiveDescriptor;Lorg/glassfish/hk2/api/Injectee;Lorg/jvnet/hk2/internal/ServiceLocatorImpl;Lorg/glassfish/hk2/api/ServiceHandle;Ljava/lang/Class;)Ljava/lang/Object;+371
j  org.jvnet.hk2.internal.ServiceLocatorImpl.getService(Ljava/lang/reflect/Type;[Ljava/lang/annotation/Annotation;)Ljava/lang/Object;+28
j  org.jvnet.hk2.internal.ServiceLocatorImpl.getService(Ljava/lang/Class;[Ljava/lang/annotation/Annotation;)Ljava/lang/Object;+3
j  org.glassfish.jersey.server.model.ComponentModelValidator.<init>(Lorg/glassfish/hk2/api/ServiceLocator;)V+115
j  org.glassfish.jersey.server.ApplicationHandler.initialize()V+924
j  org.glassfish.jersey.server.ApplicationHandler.access$500(Lorg/glassfish/jersey/server/ApplicationHandler;)V+1
j  org.glassfish.jersey.server.ApplicationHandler$3.run()V+14
j  org.glassfish.jersey.internal.Errors$2.call()Ljava/lang/Void;+14
j  org.glassfish.jersey.internal.Errors$2.call()Ljava/lang/Object;+1
j  org.glassfish.jersey.internal.Errors.process(Ljava/util/concurrent/Callable;Z)Ljava/lang/Object;+47
j  org.glassfish.jersey.internal.Errors.process(Lorg/glassfish/jersey/internal/util/Producer;Z)Ljava/lang/Object;+2
j  org.glassfish.jersey.internal.Errors.processWithException(Ljava/lang/Runnable;)V+20
j  org.glassfish.jersey.server.ApplicationHandler.<init>(Ljavax/ws/rs/core/Application;)V+118
j  org.glassfish.jersey.servlet.WebComponent.<init>(Lorg/glassfish/jersey/servlet/WebConfig;Lorg/glassfish/jersey/server/ResourceConfig;)V+76
j  org.glassfish.jersey.servlet.ServletContainer.init(Lorg/glassfish/jersey/servlet/WebConfig;)V+30
j  org.glassfish.jersey.servlet.ServletContainer.init()V+20
j  javax.servlet.GenericServlet.init(Ljavax/servlet/ServletConfig;)V+6
j  org.mortbay.jetty.servlet.ServletHolder.initServlet()V+101
j  org.mortbay.jetty.servlet.ServletHolder.doStart()V+105
j  org.mortbay.component.AbstractLifeCycle.start()V+31
j  org.mortbay.jetty.servlet.ServletHandler.initialize()V+176
j  org.mortbay.jetty.servlet.Context.startContext()V+25
j  org.mortbay.jetty.webapp.WebAppContext.startContext()V+126
j  org.mortbay.jetty.handler.ContextHandler.doStart()V+141
j  org.mortbay.jetty.webapp.WebAppContext.doStart()V+220
j  org.mortbay.component.AbstractLifeCycle.start()V+31
j  org.mortbay.jetty.handler.HandlerWrapper.doStart()V+11
j  org.mortbay.component.AbstractLifeCycle.start()V+31
j  com.google.appengine.tools.development.JettyContainerService.reloadWebApp()V+155
j  com.google.appengine.tools.development.JettyContainerService$2.filesChanged(Ljava/util/List;)V+12
j  org.mortbay.util.Scanner.reportBulkChanges(Ljava/util/List;)V+38
j  org.mortbay.util.Scanner.reportDifferences(Ljava/util/Map;Ljava/util/Map;)V+345
j  org.mortbay.util.Scanner.scan()V+13
j  org.mortbay.util.Scanner$1.run()V+4
j  java.util.TimerThread.mainLoop()V+221
j  java.util.TimerThread.run()V+1
v  ~StubRoutines::call_stub

---------------  P R O C E S S  ---------------

Java Threads: ( => current thread )
=>0x00007f4504c72000 JavaThread "Timer-1" daemon [_thread_in_native, id=12385, stack(0x00007f44cb2af000,0x00007f44cb3b0000)]
  0x00007f45046f7000 JavaThread "1630278169@qtp-2114094444-1 - Acceptor0 SelectChannelConnector@127.0.0.1:8080" [_thread_in_native, id=12384, stack(0x00007f44cb510000,0x00007f44cb611000)]
  0x00007f45046f9000 JavaThread "1198931288@qtp-2114094444-0" [_thread_blocked, id=12383, stack(0x00007f44cb611000,0x00007f44cb712000)]
  0x00007f4504255800 JavaThread "Timer-0" daemon [_thread_blocked, id=12380, stack(0x00007f44fab10000,0x00007f44fac11000)]
  0x00007f4504214800 JavaThread "Service Thread" daemon [_thread_blocked, id=12378, stack(0x00007f44fad12000,0x00007f44fae13000)]
  0x00007f450420d800 JavaThread "C2 CompilerThread1" daemon [_thread_blocked, id=12377, stack(0x00007f44fae13000,0x00007f44faf14000)]
  0x00007f450420b800 JavaThread "C2 CompilerThread0" daemon [_thread_blocked, id=12376, stack(0x00007f44faf14000,0x00007f44fb015000)]
  0x00007f4504172000 JavaThread "Signal Dispatcher" daemon [_thread_blocked, id=12375, stack(0x00007f44fb015000,0x00007f44fb116000)]
  0x00007f4504144800 JavaThread "Finalizer" daemon [_thread_blocked, id=12372, stack(0x00007f44fb7f8000,0x00007f44fb8f9000)]
  0x00007f4504142800 JavaThread "Reference Handler" daemon [_thread_blocked, id=12371, stack(0x00007f44fb8f9000,0x00007f44fb9fa000)]
  0x00007f450400b800 JavaThread "main" [_thread_blocked, id=12365, stack(0x00007f450e0e9000,0x00007f450e1ea000)]

Other Threads:
  0x00007f450413e000 VMThread [stack: 0x00007f44fb9fa000,0x00007f44fbafb000] [id=12370]
  0x00007f4504227800 WatcherThread [stack: 0x00007f44fac11000,0x00007f44fad12000] [id=12379]

VM state:not at safepoint (normal execution)

VM Mutex/Monitor currently owned by a thread: None

Heap
 PSYoungGen      total 131584K, used 105997K [0x00000000ec000000, 0x00000000fc500000, 0x0000000100000000)
  eden space 122880K, 79% used [0x00000000ec000000,0x00000000f1f03f30,0x00000000f3800000)
  from space 8704K, 99% used [0x00000000f3800000,0x00000000f407f4d8,0x00000000f4080000)
  to   space 10752K, 0% used [0x00000000fba80000,0x00000000fba80000,0x00000000fc500000)
 ParOldGen       total 40960K, used 17439K [0x00000000c4000000, 0x00000000c6800000, 0x00000000ec000000)
  object space 40960K, 42% used [0x00000000c4000000,0x00000000c5107c40,0x00000000c6800000)
 PSPermGen       total 32768K, used 32284K [0x00000000b9a00000, 0x00000000bba00000, 0x00000000c4000000)
  object space 32768K, 98% used [0x00000000b9a00000,0x00000000bb987128,0x00000000bba00000)

Card table byte_map: [0x00007f450a8f2000,0x00007f450ab26000] byte_map_base: 0x00007f450a325000

Polling page: 0x00007f450e20b000

Code Cache  [0x00007f4501000000, 0x00007f4501270000, 0x00007f4504000000)
 total_blobs=912 nmethods=525 adapters=339 free_code_cache=46837Kb largest_free_block=47920576

Compilation events (10 events):
Event: 197.053 Thread 0x00007f450420b800  555             com.google.appengine.repackaged.org.objectweb.asm.MethodWriter::getSize (864 bytes)
Event: 197.067 Thread 0x00007f450420b800 nmethod 555 0x00007f450118ffd0 code [0x00007f4501190260, 0x00007f4501190c68]
Event: 197.073 Thread 0x00007f450420d800  556             java.util.LinkedHashMap$Entry::<init> (10 bytes)
Event: 197.074 Thread 0x00007f450420d800 nmethod 556 0x00007f45011f8250 code [0x00007f45011f8380, 0x00007f45011f83f8]
Event: 197.113 Thread 0x00007f450420d800  557             com.google.appengine.tools.development.agent.runtime.RuntimeHelper::updateInternalAnnotationCache (41 bytes)
Event: 197.125 Thread 0x00007f450420d800 nmethod 557 0x00007f4501223110 code [0x00007f4501223280, 0x00007f4501223878]
Event: 197.144 Thread 0x00007f450420b800  558             java.io.DataOutputStream::writeShort (35 bytes)
Event: 197.151 Thread 0x00007f450420b800 nmethod 558 0x00007f4501239a10 code [0x00007f4501239bc0, 0x00007f450123a390]
Event: 197.206 Thread 0x00007f450420d800  559             java.util.regex.Pattern::has (15 bytes)
Event: 197.207 Thread 0x00007f450420d800 nmethod 559 0x00007f4501128190 code [0x00007f45011282c0, 0x00007f4501128318]

GC Heap History (10 events):
Event: 1.860 GC heap before
{Heap before GC invocations=3 (full 0):
 PSYoungGen      total 33280K, used 33265K [0x00000000ec000000, 0x00000000ee300000, 0x0000000100000000)
  eden space 30720K, 100% used [0x00000000ec000000,0x00000000ede00000,0x00000000ede00000)
  from space 2560K, 99% used [0x00000000ee080000,0x00000000ee2fc470,0x00000000ee300000)
  to   space 2560K, 0% used [0x00000000ede00000,0x00000000ede00000,0x00000000ee080000)
 ParOldGen       total 40960K, used 2384K [0x00000000c4000000, 0x00000000c6800000, 0x00000000ec000000)
  object space 40960K, 5% used [0x00000000c4000000,0x00000000c4254068,0x00000000c6800000)
 PSPermGen       total 21504K, used 16313K [0x00000000b9a00000, 0x00000000baf00000, 0x00000000c4000000)
  object space 21504K, 75% used [0x00000000b9a00000,0x00000000ba9ee590,0x00000000baf00000)
Event: 1.876 GC heap after
Heap after GC invocations=3 (full 0):
 PSYoungGen      total 33280K, used 2544K [0x00000000ec000000, 0x00000000f0100000, 0x0000000100000000)
  eden space 30720K, 0% used [0x00000000ec000000,0x00000000ec000000,0x00000000ede00000)
  from space 2560K, 99% used [0x00000000ede00000,0x00000000ee07c010,0x00000000ee080000)
  to   space 2560K, 0% used [0x00000000efe80000,0x00000000efe80000,0x00000000f0100000)
 ParOldGen       total 40960K, used 6336K [0x00000000c4000000, 0x00000000c6800000, 0x00000000ec000000)
  object space 40960K, 15% used [0x00000000c4000000,0x00000000c4630320,0x00000000c6800000)
 PSPermGen       total 21504K, used 16313K [0x00000000b9a00000, 0x00000000baf00000, 0x00000000c4000000)
  object space 21504K, 75% used [0x00000000b9a00000,0x00000000ba9ee590,0x00000000baf00000)
}
Event: 2.455 GC heap before
{Heap before GC invocations=4 (full 0):
 PSYoungGen      total 33280K, used 33264K [0x00000000ec000000, 0x00000000f0100000, 0x0000000100000000)
  eden space 30720K, 100% used [0x00000000ec000000,0x00000000ede00000,0x00000000ede00000)
  from space 2560K, 99% used [0x00000000ede00000,0x00000000ee07c010,0x00000000ee080000)
  to   space 2560K, 0% used [0x00000000efe80000,0x00000000efe80000,0x00000000f0100000)
 ParOldGen       total 40960K, used 6336K [0x00000000c4000000, 0x00000000c6800000, 0x00000000ec000000)
  object space 40960K, 15% used [0x00000000c4000000,0x00000000c4630320,0x00000000c6800000)
 PSPermGen       total 21504K, used 17621K [0x00000000b9a00000, 0x00000000baf00000, 0x00000000c4000000)
  object space 21504K, 81% used [0x00000000b9a00000,0x00000000bab354e0,0x00000000baf00000)
Event: 2.464 GC heap after
Heap after GC invocations=4 (full 0):
 PSYoungGen      total 64000K, used 2544K [0x00000000ec000000, 0x00000000f0100000, 0x0000000100000000)
  eden space 61440K, 0% used [0x00000000ec000000,0x00000000ec000000,0x00000000efc00000)
  from space 2560K, 99% used [0x00000000efe80000,0x00000000f00fc010,0x00000000f0100000)
  to   space 2560K, 0% used [0x00000000efc00000,0x00000000efc00000,0x00000000efe80000)
 ParOldGen       total 40960K, used 11382K [0x00000000c4000000, 0x00000000c6800000, 0x00000000ec000000)
  object space 40960K, 27% used [0x00000000c4000000,0x00000000c4b1d890,0x00000000c6800000)
 PSPermGen       total 21504K, used 17621K [0x00000000b9a00000, 0x00000000baf00000, 0x00000000c4000000)
  object space 21504K, 81% used [0x00000000b9a00000,0x00000000bab354e0,0x00000000baf00000)
}
Event: 3.370 GC heap before
{Heap before GC invocations=5 (full 0):
 PSYoungGen      total 64000K, used 63984K [0x00000000ec000000, 0x00000000f0100000, 0x0000000100000000)
  eden space 61440K, 100% used [0x00000000ec000000,0x00000000efc00000,0x00000000efc00000)
  from space 2560K, 99% used [0x00000000efe80000,0x00000000f00fc010,0x00000000f0100000)
  to   space 2560K, 0% used [0x00000000efc00000,0x00000000efc00000,0x00000000efe80000)
 ParOldGen       total 40960K, used 11382K [0x00000000c4000000, 0x00000000c6800000, 0x00000000ec000000)
  object space 40960K, 27% used [0x00000000c4000000,0x00000000c4b1d890,0x00000000c6800000)
 PSPermGen       total 21504K, used 21335K [0x00000000b9a00000, 0x00000000baf00000, 0x00000000c4000000)
  object space 21504K, 99% used [0x00000000b9a00000,0x00000000baed5da8,0x00000000baf00000)
Event: 3.381 GC heap after
Heap after GC invocations=5 (full 0):
 PSYoungGen      total 64000K, used 2550K [0x00000000ec000000, 0x00000000f4a00000, 0x0000000100000000)
  eden space 61440K, 0% used [0x00000000ec000000,0x00000000ec000000,0x00000000efc00000)
  from space 2560K, 99% used [0x00000000efc00000,0x00000000efe7d810,0x00000000efe80000)
  to   space 9216K, 0% used [0x00000000f4100000,0x00000000f4100000,0x00000000f4a00000)
 ParOldGen       total 40960K, used 15456K [0x00000000c4000000, 0x00000000c6800000, 0x00000000ec000000)
  object space 40960K, 37% used [0x00000000c4000000,0x00000000c4f180e0,0x00000000c6800000)
 PSPermGen       total 21504K, used 21335K [0x00000000b9a00000, 0x00000000baf00000, 0x00000000c4000000)
  object space 21504K, 99% used [0x00000000b9a00000,0x00000000baed5da8,0x00000000baf00000)
}
Event: 4.108 GC heap before
{Heap before GC invocations=6 (full 0):
 PSYoungGen      total 64000K, used 63990K [0x00000000ec000000, 0x00000000f4a00000, 0x0000000100000000)
  eden space 61440K, 100% used [0x00000000ec000000,0x00000000efc00000,0x00000000efc00000)
  from space 2560K, 99% used [0x00000000efc00000,0x00000000efe7d810,0x00000000efe80000)
  to   space 9216K, 0% used [0x00000000f4100000,0x00000000f4100000,0x00000000f4a00000)
 ParOldGen       total 40960K, used 15456K [0x00000000c4000000, 0x00000000c6800000, 0x00000000ec000000)
  object space 40960K, 37% used [0x00000000c4000000,0x00000000c4f180e0,0x00000000c6800000)
 PSPermGen       total 24064K, used 23743K [0x00000000b9a00000, 0x00000000bb180000, 0x00000000c4000000)
  object space 24064K, 98% used [0x00000000b9a00000,0x00000000bb12fff0,0x00000000bb180000)
Event: 4.118 GC heap after
Heap after GC invocations=6 (full 0):
 PSYoungGen      total 131072K, used 5818K [0x00000000ec000000, 0x00000000f4900000, 0x0000000100000000)
  eden space 122880K, 0% used [0x00000000ec000000,0x00000000ec000000,0x00000000f3800000)
  from space 8192K, 71% used [0x00000000f4100000,0x00000000f46ae960,0x00000000f4900000)
  to   space 8704K, 0% used [0x00000000f3800000,0x00000000f3800000,0x00000000f4080000)
 ParOldGen       total 40960K, used 15456K [0x00000000c4000000, 0x00000000c6800000, 0x00000000ec000000)
  object space 40960K, 37% used [0x00000000c4000000,0x00000000c4f180e0,0x00000000c6800000)
 PSPermGen       total 24064K, used 23743K [0x00000000b9a00000, 0x00000000bb180000, 0x00000000c4000000)
  object space 24064K, 98% used [0x00000000b9a00000,0x00000000bb12fff0,0x00000000bb180000)
}
Event: 195.775 GC heap before
{Heap before GC invocations=7 (full 0):
 PSYoungGen      total 131072K, used 128698K [0x00000000ec000000, 0x00000000f4900000, 0x0000000100000000)
  eden space 122880K, 100% used [0x00000000ec000000,0x00000000f3800000,0x00000000f3800000)
  from space 8192K, 71% used [0x00000000f4100000,0x00000000f46ae960,0x00000000f4900000)
  to   space 8704K, 0% used [0x00000000f3800000,0x00000000f3800000,0x00000000f4080000)
 ParOldGen       total 40960K, used 15456K [0x00000000c4000000, 0x00000000c6800000, 0x00000000ec000000)
  object space 40960K, 37% used [0x00000000c4000000,0x00000000c4f180e0,0x00000000c6800000)
 PSPermGen       total 28672K, used 28570K [0x00000000b9a00000, 0x00000000bb600000, 0x00000000c4000000)
  object space 28672K, 99% used [0x00000000b9a00000,0x00000000bb5e6ae0,0x00000000bb600000)
Event: 195.814 GC heap after
Heap after GC invocations=7 (full 0):
 PSYoungGen      total 131584K, used 8701K [0x00000000ec000000, 0x00000000fc500000, 0x0000000100000000)
  eden space 122880K, 0% used [0x00000000ec000000,0x00000000ec000000,0x00000000f3800000)
  from space 8704K, 99% used [0x00000000f3800000,0x00000000f407f4d8,0x00000000f4080000)
  to   space 10752K, 0% used [0x00000000fba80000,0x00000000fba80000,0x00000000fc500000)
 ParOldGen       total 40960K, used 17439K [0x00000000c4000000, 0x00000000c6800000, 0x00000000ec000000)
  object space 40960K, 42% used [0x00000000c4000000,0x00000000c5107c40,0x00000000c6800000)
 PSPermGen       total 28672K, used 28570K [0x00000000b9a00000, 0x00000000bb600000, 0x00000000c4000000)
  object space 28672K, 99% used [0x00000000b9a00000,0x00000000bb5e6ae0,0x00000000bb600000)
}

Deoptimization events (10 events):
Event: 15.893 Thread 0x00007f45046f9000 Uncommon trap: reason=bimorphic action=maybe_recompile pc=0x00007f45010c1a20 method=java.util.regex.Pattern$Curly.match0(Ljava/util/regex/Matcher;IILjava/lang/CharSequence;)Z @ 141
Event: 15.915 Thread 0x00007f45046f9000 Uncommon trap: reason=bimorphic action=maybe_recompile pc=0x00007f45010c182c method=java.util.regex.Pattern$Curly.match0(Ljava/util/regex/Matcher;IILjava/lang/CharSequence;)Z @ 77
Event: 25.767 Thread 0x00007f45046f9000 Uncommon trap: reason=bimorphic action=maybe_recompile pc=0x00007f45010c1a20 method=java.util.regex.Pattern$Curly.match0(Ljava/util/regex/Matcher;IILjava/lang/CharSequence;)Z @ 141
Event: 25.767 Thread 0x00007f45046f9000 Uncommon trap: reason=bimorphic action=maybe_recompile pc=0x00007f45010c1a20 method=java.util.regex.Pattern$Curly.match0(Ljava/util/regex/Matcher;IILjava/lang/CharSequence;)Z @ 141
Event: 194.889 Thread 0x00007f4504c72000 Uncommon trap: reason=unreached action=reinterpret pc=0x00007f45010ed4d4 method=org.mortbay.xml.XmlParser$Handler.startElement(Ljava/lang/String;Ljava/lang/String;Ljava/lang/String;Lorg/xml/sax/Attributes;)V @ 44
Event: 195.069 Thread 0x00007f4504c72000 Uncommon trap: reason=null_check action=make_not_entrant pc=0x00007f45010ffc00 method=com.sun.org.apache.xerces.internal.utils.XMLLimitAnalyzer.isTracking(Ljava/lang/String;)Z @ 14
Event: 195.069 Thread 0x00007f4504c72000 Uncommon trap: reason=null_check action=make_not_entrant pc=0x00007f45010f3250 method=com.sun.org.apache.xerces.internal.utils.XMLLimitAnalyzer.isTracking(Ljava/lang/String;)Z @ 14
Event: 195.069 Thread 0x00007f4504c72000 Uncommon trap: reason=null_check action=make_not_entrant pc=0x00007f45010f2898 method=com.sun.org.apache.xerces.internal.utils.XMLLimitAnalyzer.isTracking(Ljava/lang/String;)Z @ 14
Event: 195.833 Thread 0x00007f4504144800 Uncommon trap: reason=unreached action=reinterpret pc=0x00007f45011c2eb0 method=java.util.WeakHashMap.expungeStaleEntries()V @ 9
Event: 195.833 Thread 0x00007f4504144800 Uncommon trap: reason=unreached action=reinterpret pc=0x00007f45011c342c method=java.util.WeakHashMap.expungeStaleEntries()V @ 9

Internal exceptions (10 events):
Event: 197.194 Thread 0x00007f4504c72000 Threw 0x00000000f1c95068 at /build/buildd/openjdk-7-7u71-2.5.3/build/openjdk/hotspot/src/share/vm/prims/jvm.cpp:1284
Event: 197.195 Thread 0x00007f4504c72000 Threw 0x00000000f1ca6238 at /build/buildd/openjdk-7-7u71-2.5.3/build/openjdk/hotspot/src/share/vm/prims/jvm.cpp:1284
Event: 197.196 Thread 0x00007f4504c72000 Threw 0x00000000f1cb7da8 at /build/buildd/openjdk-7-7u71-2.5.3/build/openjdk/hotspot/src/share/vm/prims/jvm.cpp:1284
Event: 197.197 Thread 0x00007f4504c72000 Threw 0x00000000f1cc8d60 at /build/buildd/openjdk-7-7u71-2.5.3/build/openjdk/hotspot/src/share/vm/prims/jvm.cpp:1284
Event: 197.202 Thread 0x00007f4504c72000 Threw 0x00000000f1cfe280 at /build/buildd/openjdk-7-7u71-2.5.3/build/openjdk/hotspot/src/share/vm/prims/jvm.cpp:1284
Event: 197.204 Thread 0x00007f4504c72000 Threw 0x00000000f1d0f6d0 at /build/buildd/openjdk-7-7u71-2.5.3/build/openjdk/hotspot/src/share/vm/prims/jvm.cpp:1284
Event: 197.222 Thread 0x00007f4504c72000 Threw 0x00000000f1d9ac30 at /build/buildd/openjdk-7-7u71-2.5.3/build/openjdk/hotspot/src/share/vm/prims/jvm.cpp:1284
Event: 197.224 Thread 0x00007f4504c72000 Threw 0x00000000f1dd5b60 at /build/buildd/openjdk-7-7u71-2.5.3/build/openjdk/hotspot/src/share/vm/prims/jvm.cpp:1284
Event: 197.226 Thread 0x00007f4504c72000 Threw 0x00000000f1df3e18 at /build/buildd/openjdk-7-7u71-2.5.3/build/openjdk/hotspot/src/share/vm/prims/jvm.cpp:1284
Event: 197.228 Thread 0x00007f4504c72000 Threw 0x00000000f1e149f0 at /build/buildd/openjdk-7-7u71-2.5.3/build/openjdk/hotspot/src/share/vm/prims/jvm.cpp:1284

Events (10 events):
Event: 197.224 loading class 0x00007f4504b65be0
Event: 197.224 loading class 0x00007f4504b65be0 done
Event: 197.226 loading class 0x00007f4504c07990
Event: 197.226 loading class 0x00007f4504c07990 done
Event: 197.226 loading class 0x00007f4504c07990
Event: 197.226 loading class 0x00007f4504c07990 done
Event: 197.228 loading class 0x00007f4504c07da0
Event: 197.228 loading class 0x00007f4504c07da0 done
Event: 197.228 loading class 0x00007f4504c07da0
Event: 197.228 loading class 0x00007f4504c07da0 done


Dynamic libraries:
00400000-00401000 r-xp 00000000 08:02 10361350                           /usr/lib/jvm/java-7-openjdk-amd64/jre/bin/java
00600000-00601000 r--p 00000000 08:02 10361350                           /usr/lib/jvm/java-7-openjdk-amd64/jre/bin/java
00601000-00602000 rw-p 00001000 08:02 10361350                           /usr/lib/jvm/java-7-openjdk-amd64/jre/bin/java
0088f000-008b0000 rw-p 00000000 00:00 0                                  [heap]
b9a00000-bba00000 rw-p 00000000 00:00 0 
bba00000-c4000000 rw-p 00000000 00:00 0 
c4000000-c6800000 rw-p 00000000 00:00 0 
c6800000-ec000000 rw-p 00000000 00:00 0 
ec000000-fc500000 rw-p 00000000 00:00 0 
fc500000-100000000 rw-p 00000000 00:00 0 
7f44b0000000-7f44b026b000 rw-p 00000000 00:00 0 
7f44b026b000-7f44b4000000 ---p 00000000 00:00 0 
7f44b8000000-7f44b809c000 rw-p 00000000 00:00 0 
7f44b809c000-7f44bc000000 ---p 00000000 00:00 0 
7f44bc000000-7f44bc053000 rw-p 00000000 00:00 0 
7f44bc053000-7f44c0000000 ---p 00000000 00:00 0 
7f44c0000000-7f44c0021000 rw-p 00000000 00:00 0 
7f44c0021000-7f44c4000000 ---p 00000000 00:00 0 
7f44c4000000-7f44c4021000 rw-p 00000000 00:00 0 
7f44c4021000-7f44c8000000 ---p 00000000 00:00 0 
7f44cb2ae000-7f44cb2af000 rw-p 00000000 00:00 0 
7f44cb2af000-7f44cb2b2000 ---p 00000000 00:00 0 
7f44cb2b2000-7f44cb3b0000 rw-p 00000000 00:00 0                          [stack:12385]
7f44cb3b0000-7f44cb3b1000 r--s 00000000 08:02 10227664                   /usr/lib/jvm/java-7-openjdk-amd64/jre/lib/security/US_export_policy.jar
7f44cb3b1000-7f44cb3bb000 r--s 00203000 08:02 10227658                   /usr/lib/jvm/java-7-openjdk-amd64/jre/lib/charsets.jar
7f44cb3bb000-7f44cb3bc000 r--s 0000a000 08:02 10227657                   /usr/lib/jvm/java-7-openjdk-amd64/jre/lib/javazic.jar
7f44cb3bc000-7f44cb3bd000 r--s 00000000 08:02 10227653                   /usr/lib/jvm/java-7-openjdk-amd64/jre/lib/compilefontconfig.jar
7f44cb3bd000-7f44cb3cb000 r--s 0010f000 08:02 10227650                   /usr/lib/jvm/java-7-openjdk-amd64/jre/lib/rhino.jar
7f44cb3cb000-7f44cb3cc000 r--s 00000000 08:02 10227652                   /usr/lib/jvm/java-7-openjdk-amd64/jre/lib/management-agent.jar
7f44cb3cc000-7f44cb3cd000 r--s 00000000 08:02 10227665                   /usr/lib/jvm/java-7-openjdk-amd64/jre/lib/security/local_policy.jar
7f44cb3cd000-7f44cb3d0000 r--s 0001e000 08:02 23856623                   /home/assios/workspace/CS263/target/CS263-0.0.1-SNAPSHOT/WEB-INF/lib/hk2-locator-2.2.0-b14.jar
7f44cb3d0000-7f44cb3d4000 r--s 0001b000 08:02 23856621                   /home/assios/workspace/CS263/target/CS263-0.0.1-SNAPSHOT/WEB-INF/lib/hk2-api-2.2.0-b14.jar
7f44cb3d4000-7f44cb3db000 r--s 0003f000 08:02 23856625                   /home/assios/workspace/CS263/target/CS263-0.0.1-SNAPSHOT/WEB-INF/lib/cglib-2.2.0-b14.jar
7f44cb3db000-7f44cb3ef000 r--s 000b0000 08:02 23856618                   /home/assios/workspace/CS263/target/CS263-0.0.1-SNAPSHOT/WEB-INF/lib/jersey-server-2.2.jar
7f44cb3ef000-7f44cb418000 r--s 001ee000 08:02 23856620                   /home/assios/workspace/CS263/target/CS263-0.0.1-SNAPSHOT/WEB-INF/lib/guava-14.0.1.jar
7f44cb418000-7f44cb425000 r--s 00086000 08:02 23856627                   /home/assios/workspace/CS263/target/CS263-0.0.1-SNAPSHOT/WEB-INF/lib/jersey-common-2.2.jar
7f44cb425000-7f44cb510000 r--s 00bd6000 08:02 23856614                   /home/assios/workspace/CS263/target/CS263-0.0.1-SNAPSHOT/WEB-INF/lib/appengine-api-1.0-sdk-1.9.10.jar
7f44cb510000-7f44cb513000 ---p 00000000 00:00 0 
7f44cb513000-7f44cb611000 rw-p 00000000 00:00 0                          [stack:12384]
7f44cb611000-7f44cb614000 ---p 00000000 00:00 0 
7f44cb614000-7f44cb712000 rw-p 00000000 00:00 0                          [stack:12383]
7f44cb712000-7f44cb78c000 r--s 0063f000 08:02 23855201                   /home/assios/.m2/repository/com/google/appengine/appengine-java-sdk/1.9.10/appengine-java-sdk/appengine-java-sdk-1.9.10/lib/impl/appengine-local-runtime.jar
7f44cb78c000-7f44cb877000 r--s 00bd6000 08:02 23855200                   /home/assios/.m2/repository/com/google/appengine/appengine-java-sdk/1.9.10/appengine-java-sdk/appengine-java-sdk-1.9.10/lib/impl/appengine-api.jar
7f44cb877000-7f44cb87a000 ---p 00000000 00:00 0 
7f44cb87a000-7f44cb978000 rw-p 00000000 00:00 0 
7f44cb978000-7f44cb97d000 r-xp 00000000 08:02 6815838                    /lib/x86_64-linux-gnu/libnss_dns-2.19.so
7f44cb97d000-7f44cbb7c000 ---p 00005000 08:02 6815838                    /lib/x86_64-linux-gnu/libnss_dns-2.19.so
7f44cbb7c000-7f44cbb7d000 r--p 00004000 08:02 6815838                    /lib/x86_64-linux-gnu/libnss_dns-2.19.so
7f44cbb7d000-7f44cbb7e000 rw-p 00005000 08:02 6815838                    /lib/x86_64-linux-gnu/libnss_dns-2.19.so
7f44cbb7e000-7f44cbb80000 r-xp 00000000 08:02 6819796                    /lib/x86_64-linux-gnu/libnss_mdns4_minimal.so.2
7f44cbb80000-7f44cbd7f000 ---p 00002000 08:02 6819796                    /lib/x86_64-linux-gnu/libnss_mdns4_minimal.so.2
7f44cbd7f000-7f44cbd80000 r--p 00001000 08:02 6819796                    /lib/x86_64-linux-gnu/libnss_mdns4_minimal.so.2
7f44cbd80000-7f44cbd81000 rw-p 00002000 08:02 6819796                    /lib/x86_64-linux-gnu/libnss_mdns4_minimal.so.2
7f44cbd81000-7f44cbdf9000 r-xp 00000000 08:02 9700233                    /usr/lib/x86_64-linux-gnu/nss/libfreebl3.so
7f44cbdf9000-7f44cbff9000 ---p 00078000 08:02 9700233                    /usr/lib/x86_64-linux-gnu/nss/libfreebl3.so
7f44cbff9000-7f44cbffb000 r--p 00078000 08:02 9700233                    /usr/lib/x86_64-linux-gnu/nss/libfreebl3.so
7f44cbffb000-7f44cbffc000 rw-p 0007a000 08:02 9700233                    /usr/lib/x86_64-linux-gnu/nss/libfreebl3.so
7f44cbffc000-7f44cc000000 rw-p 00000000 00:00 0 
7f44cc000000-7f44cc021000 rw-p 00000000 00:00 0 
7f44cc021000-7f44d0000000 ---p 00000000 00:00 0 
7f44d0000000-7f44d0021000 rw-p 00000000 00:00 0 
7f44d0021000-7f44d4000000 ---p 00000000 00:00 0 
7f44d4000000-7f44d4f9b000 rw-p 00000000 00:00 0 
7f44d4f9b000-7f44d8000000 ---p 00000000 00:00 0 
7f44d8000000-7f44d9078000 rw-p 00000000 00:00 0 
7f44d9078000-7f44dc000000 ---p 00000000 00:00 0 
7f44dc000000-7f44dc021000 rw-p 00000000 00:00 0 
7f44dc021000-7f44e0000000 ---p 00000000 00:00 0 
7f44e0000000-7f44e0021000 rw-p 00000000 00:00 0 
7f44e0021000-7f44e4000000 ---p 00000000 00:00 0 
7f44e4000000-7f44e4021000 rw-p 00000000 00:00 0 
7f44e4021000-7f44e8000000 ---p 00000000 00:00 0 
7f44e8000000-7f44e8021000 rw-p 00000000 00:00 0 
7f44e8021000-7f44ec000000 ---p 00000000 00:00 0 
7f44ec000000-7f44ec021000 rw-p 00000000 00:00 0 
7f44ec021000-7f44f0000000 ---p 00000000 00:00 0 
7f44f0000000-7f44f0021000 rw-p 00000000 00:00 0 
7f44f0021000-7f44f4000000 ---p 00000000 00:00 0 
7f44f4000000-7f44f4021000 rw-p 00000000 00:00 0 
7f44f4021000-7f44f8000000 ---p 00000000 00:00 0 
7f44f8000000-7f44f8002000 r--s 00012000 08:02 23855210                   /home/assios/.m2/repository/com/google/appengine/appengine-java-sdk/1.9.10/appengine-java-sdk/appengine-java-sdk-1.9.10/lib/opt/tools/appengine-local-endpoints/v1/appengine-local-endpoints.jar
7f44f8002000-7f44f8006000 r--s 0000c000 08:02 23856626                   /home/assios/workspace/CS263/target/CS263-0.0.1-SNAPSHOT/WEB-INF/lib/validation-api-1.1.0.Final.jar
7f44f8006000-7f44f8009000 r--s 0001a000 08:02 23856619                   /home/assios/workspace/CS263/target/CS263-0.0.1-SNAPSHOT/WEB-INF/lib/jersey-client-2.2.jar
7f44f8009000-7f44f800a000 r--s 00004000 08:02 23856629                   /home/assios/workspace/CS263/target/CS263-0.0.1-SNAPSHOT/WEB-INF/lib/osgi-resource-locator-1.0.1.jar
7f44f800a000-7f44f800c000 r--s 0000b000 08:02 23856616                   /home/assios/workspace/CS263/target/CS263-0.0.1-SNAPSHOT/WEB-INF/lib/jersey-container-servlet-core-2.2.jar
7f44f800c000-7f44f8010000 r--s 00018000 08:02 23856630                   /home/assios/workspace/CS263/target/CS263-0.0.1-SNAPSHOT/WEB-INF/lib/javax.ws.rs-api-2.0.jar
7f44f8010000-7f44f8015000 r--s 0004a000 08:02 23856624                   /home/assios/workspace/CS263/target/CS263-0.0.1-SNAPSHOT/WEB-INF/lib/asm-all-repackaged-2.2.0-b14.jar
7f44f8015000-7f44f8017000 r--s 00005000 08:02 23856628                   /home/assios/workspace/CS263/target/CS263-0.0.1-SNAPSHOT/WEB-INF/lib/javax.annotation-api-1.2.jar
7f44f8017000-7f44f8021000 r--s 0005c000 08:02 23856615                   /home/assios/workspace/CS263/target/CS263-0.0.1-SNAPSHOT/WEB-INF/lib/jstl-1.2.jar
7f44f8021000-7f44f8024000 r--s 0000b000 08:02 23856622                   /home/assios/workspace/CS263/target/CS263-0.0.1-SNAPSHOT/WEB-INF/lib/hk2-utils-2.2.0-b14.jar
7f44f8024000-7f44f8083000 r--s 0058c000 08:02 23855199                   /home/assios/.m2/repository/com/google/appengine/appengine-java-sdk/1.9.10/appengine-java-sdk/appengine-java-sdk-1.9.10/lib/impl/appengine-api-stubs.jar
7f44f8083000-7f44f80db000 r--s 00528000 08:02 23855202                   /home/assios/.m2/repository/com/google/appengine/appengine-java-sdk/1.9.10/appengine-java-sdk/appengine-java-sdk-1.9.10/lib/impl/google_sql.jar
7f44f80db000-7f44f818f000 r-xp 00000000 08:02 9314727                    /usr/lib/x86_64-linux-gnu/libsqlite3.so.0.8.6
7f44f818f000-7f44f838f000 ---p 000b4000 08:02 9314727                    /usr/lib/x86_64-linux-gnu/libsqlite3.so.0.8.6
7f44f838f000-7f44f8391000 r--p 000b4000 08:02 9314727                    /usr/lib/x86_64-linux-gnu/libsqlite3.so.0.8.6
7f44f8391000-7f44f8393000 rw-p 000b6000 08:02 9314727                    /usr/lib/x86_64-linux-gnu/libsqlite3.so.0.8.6
7f44f8393000-7f44f8394000 rw-p 00000000 00:00 0 
7f44f8394000-7f44f83d4000 r-xp 00000000 08:02 9700237                    /usr/lib/x86_64-linux-gnu/nss/libsoftokn3.so
7f44f83d4000-7f44f85d4000 ---p 00040000 08:02 9700237                    /usr/lib/x86_64-linux-gnu/nss/libsoftokn3.so
7f44f85d4000-7f44f85d5000 r--p 00040000 08:02 9700237                    /usr/lib/x86_64-linux-gnu/nss/libsoftokn3.so
7f44f85d5000-7f44f85d6000 rw-p 00041000 08:02 9700237                    /usr/lib/x86_64-linux-gnu/nss/libsoftokn3.so
7f44f85d6000-7f44f860e000 r-xp 00000000 08:02 9308276                    /usr/lib/x86_64-linux-gnu/libnspr4.so
7f44f860e000-7f44f880e000 ---p 00038000 08:02 9308276                    /usr/lib/x86_64-linux-gnu/libnspr4.so
7f44f880e000-7f44f880f000 r--p 00038000 08:02 9308276                    /usr/lib/x86_64-linux-gnu/libnspr4.so
7f44f880f000-7f44f8810000 rw-p 00039000 08:02 9308276                    /usr/lib/x86_64-linux-gnu/libnspr4.so
7f44f8810000-7f44f8813000 rw-p 00000000 00:00 0 
7f44f8813000-7f44f8816000 r-xp 00000000 08:02 9308274                    /usr/lib/x86_64-linux-gnu/libplds4.so
7f44f8816000-7f44f8a15000 ---p 00003000 08:02 9308274                    /usr/lib/x86_64-linux-gnu/libplds4.so
7f44f8a15000-7f44f8a16000 r--p 00002000 08:02 9308274                    /usr/lib/x86_64-linux-gnu/libplds4.so
7f44f8a16000-7f44f8a17000 rw-p 00003000 08:02 9308274                    /usr/lib/x86_64-linux-gnu/libplds4.so
7f44f8a17000-7f44f8a1b000 r-xp 00000000 08:02 9308275                    /usr/lib/x86_64-linux-gnu/libplc4.so
7f44f8a1b000-7f44f8c1a000 ---p 00004000 08:02 9308275                    /usr/lib/x86_64-linux-gnu/libplc4.so
7f44f8c1a000-7f44f8c1b000 r--p 00003000 08:02 9308275                    /usr/lib/x86_64-linux-gnu/libplc4.so
7f44f8c1b000-7f44f8c1c000 rw-p 00004000 08:02 9308275                    /usr/lib/x86_64-linux-gnu/libplc4.so
7f44f8c1c000-7f44f8c41000 r-xp 00000000 08:02 9308277                    /usr/lib/x86_64-linux-gnu/libnssutil3.so
7f44f8c41000-7f44f8e40000 ---p 00025000 08:02 9308277                    /usr/lib/x86_64-linux-gnu/libnssutil3.so
7f44f8e40000-7f44f8e46000 r--p 00024000 08:02 9308277                    /usr/lib/x86_64-linux-gnu/libnssutil3.so
7f44f8e46000-7f44f8e47000 rw-p 0002a000 08:02 9308277                    /usr/lib/x86_64-linux-gnu/libnssutil3.so
7f44f8e47000-7f44f8f7a000 r-xp 00000000 08:02 9308280                    /usr/lib/x86_64-linux-gnu/libnss3.so
7f44f8f7a000-7f44f9179000 ---p 00133000 08:02 9308280                    /usr/lib/x86_64-linux-gnu/libnss3.so
7f44f9179000-7f44f917e000 r--p 00132000 08:02 9308280                    /usr/lib/x86_64-linux-gnu/libnss3.so
7f44f917e000-7f44f9180000 rw-p 00137000 08:02 9308280                    /usr/lib/x86_64-linux-gnu/libnss3.so
7f44f9180000-7f44f9181000 rw-p 00000000 00:00 0 
7f44f9181000-7f44f9191000 r-xp 00000000 08:02 10361297                   /usr/lib/jvm/java-7-openjdk-amd64/jre/lib/amd64/libj2pkcs11.so
7f44f9191000-7f44f9390000 ---p 00010000 08:02 10361297                   /usr/lib/jvm/java-7-openjdk-amd64/jre/lib/amd64/libj2pkcs11.so
7f44f9390000-7f44f9391000 r--p 0000f000 08:02 10361297                   /usr/lib/jvm/java-7-openjdk-amd64/jre/lib/amd64/libj2pkcs11.so
7f44f9391000-7f44f9392000 rw-p 00010000 08:02 10361297                   /usr/lib/jvm/java-7-openjdk-amd64/jre/lib/amd64/libj2pkcs11.so
7f44f9392000-7f44f93cf000 r-xp 00000000 08:02 6819818                    /lib/x86_64-linux-gnu/libpcre.so.3.13.1
7f44f93cf000-7f44f95ce000 ---p 0003d000 08:02 6819818                    /lib/x86_64-linux-gnu/libpcre.so.3.13.1
7f44f95ce000-7f44f95cf000 r--p 0003c000 08:02 6819818                    /lib/x86_64-linux-gnu/libpcre.so.3.13.1
7f44f95cf000-7f44f95d0000 rw-p 0003d000 08:02 6819818                    /lib/x86_64-linux-gnu/libpcre.so.3.13.1
7f44f95d0000-7f44f95d7000 r-xp 00000000 08:02 9314109                    /usr/lib/x86_64-linux-gnu/libffi.so.6.0.1
7f44f95d7000-7f44f97d6000 ---p 00007000 08:02 9314109                    /usr/lib/x86_64-linux-gnu/libffi.so.6.0.1
7f44f97d6000-7f44f97d7000 r--p 00006000 08:02 9314109                    /usr/lib/x86_64-linux-gnu/libffi.so.6.0.1
7f44f97d7000-7f44f97d8000 rw-p 00007000 08:02 9314109                    /usr/lib/x86_64-linux-gnu/libffi.so.6.0.1
7f44f97d8000-7f44f97ef000 r-xp 00000000 08:02 6815833                    /lib/x86_64-linux-gnu/libresolv-2.19.so
7f44f97ef000-7f44f99ef000 ---p 00017000 08:02 6815833                    /lib/x86_64-linux-gnu/libresolv-2.19.so
7f44f99ef000-7f44f99f0000 r--p 00017000 08:02 6815833                    /lib/x86_64-linux-gnu/libresolv-2.19.so
7f44f99f0000-7f44f99f1000 rw-p 00018000 08:02 6815833                    /lib/x86_64-linux-gnu/libresolv-2.19.so
7f44f99f1000-7f44f99f3000 rw-p 00000000 00:00 0 
7f44f99f3000-7f44f9a13000 r-xp 00000000 08:02 6819845                    /lib/x86_64-linux-gnu/libselinux.so.1
7f44f9a13000-7f44f9c12000 ---p 00020000 08:02 6819845                    /lib/x86_64-linux-gnu/libselinux.so.1
7f44f9c12000-7f44f9c13000 r--p 0001f000 08:02 6819845                    /lib/x86_64-linux-gnu/libselinux.so.1
7f44f9c13000-7f44f9c14000 rw-p 00020000 08:02 6819845                    /lib/x86_64-linux-gnu/libselinux.so.1
7f44f9c14000-7f44f9c16000 rw-p 00000000 00:00 0 
7f44f9c16000-7f44f9c19000 r-xp 00000000 08:02 9314226                    /usr/lib/x86_64-linux-gnu/libgmodule-2.0.so.0.4000.0
7f44f9c19000-7f44f9e18000 ---p 00003000 08:02 9314226                    /usr/lib/x86_64-linux-gnu/libgmodule-2.0.so.0.4000.0
7f44f9e18000-7f44f9e19000 r--p 00002000 08:02 9314226                    /usr/lib/x86_64-linux-gnu/libgmodule-2.0.so.0.4000.0
7f44f9e19000-7f44f9e1a000 rw-p 00003000 08:02 9314226                    /usr/lib/x86_64-linux-gnu/libgmodule-2.0.so.0.4000.0
7f44f9e1a000-7f44f9f20000 r-xp 00000000 08:02 6819746                    /lib/x86_64-linux-gnu/libglib-2.0.so.0.4000.0
7f44f9f20000-7f44fa11f000 ---p 00106000 08:02 6819746                    /lib/x86_64-linux-gnu/libglib-2.0.so.0.4000.0
7f44fa11f000-7f44fa120000 r--p 00105000 08:02 6819746                    /lib/x86_64-linux-gnu/libglib-2.0.so.0.4000.0
7f44fa120000-7f44fa121000 rw-p 00106000 08:02 6819746                    /lib/x86_64-linux-gnu/libglib-2.0.so.0.4000.0
7f44fa121000-7f44fa122000 rw-p 00000000 00:00 0 
7f44fa122000-7f44fa171000 r-xp 00000000 08:02 9314242                    /usr/lib/x86_64-linux-gnu/libgobject-2.0.so.0.4000.0
7f44fa171000-7f44fa371000 ---p 0004f000 08:02 9314242                    /usr/lib/x86_64-linux-gnu/libgobject-2.0.so.0.4000.0
7f44fa371000-7f44fa372000 r--p 0004f000 08:02 9314242                    /usr/lib/x86_64-linux-gnu/libgobject-2.0.so.0.4000.0
7f44fa372000-7f44fa373000 rw-p 00050000 08:02 9314242                    /usr/lib/x86_64-linux-gnu/libgobject-2.0.so.0.4000.0
7f44fa373000-7f44fa4de000 r-xp 00000000 08:02 9314212                    /usr/lib/x86_64-linux-gnu/libgio-2.0.so.0.4000.0
7f44fa4de000-7f44fa6de000 ---p 0016b000 08:02 9314212                    /usr/lib/x86_64-linux-gnu/libgio-2.0.so.0.4000.0
7f44fa6de000-7f44fa6e2000 r--p 0016b000 08:02 9314212                    /usr/lib/x86_64-linux-gnu/libgio-2.0.so.0.4000.0
7f44fa6e2000-7f44fa6e4000 rw-p 0016f000 08:02 9314212                    /usr/lib/x86_64-linux-gnu/libgio-2.0.so.0.4000.0
7f44fa6e4000-7f44fa6e6000 rw-p 00000000 00:00 0 
7f44fa6e6000-7f44fa6fd000 r-xp 00000000 08:02 10360159                   /usr/lib/jvm/java-7-openjdk-amd64/jre/lib/amd64/libnet.so
7f44fa6fd000-7f44fa8fc000 ---p 00017000 08:02 10360159                   /usr/lib/jvm/java-7-openjdk-amd64/jre/lib/amd64/libnet.so
7f44fa8fc000-7f44fa8fd000 r--p 00016000 08:02 10360159                   /usr/lib/jvm/java-7-openjdk-amd64/jre/lib/amd64/libnet.so
7f44fa8fd000-7f44fa8fe000 rw-p 00017000 08:02 10360159                   /usr/lib/jvm/java-7-openjdk-amd64/jre/lib/amd64/libnet.so
7f44fa8fe000-7f44fa90e000 r-xp 00000000 08:02 10361301                   /usr/lib/jvm/java-7-openjdk-amd64/jre/lib/amd64/libnio.so
7f44fa90e000-7f44fab0e000 ---p 00010000 08:02 10361301                   /usr/lib/jvm/java-7-openjdk-amd64/jre/lib/amd64/libnio.so
7f44fab0e000-7f44fab0f000 r--p 00010000 08:02 10361301                   /usr/lib/jvm/java-7-openjdk-amd64/jre/lib/amd64/libnio.so
7f44fab0f000-7f44fab10000 rw-p 00011000 08:02 10361301                   /usr/lib/jvm/java-7-openjdk-amd64/jre/lib/amd64/libnio.so
7f44fab10000-7f44fab13000 ---p 00000000 00:00 0 
7f44fab13000-7f44fac11000 rw-p 00000000 00:00 0                          [stack:12380]
7f44fac11000-7f44fac12000 ---p 00000000 00:00 0 
7f44fac12000-7f44fad12000 rw-p 00000000 00:00 0                          [stack:12379]
7f44fad12000-7f44fad15000 ---p 00000000 00:00 0 
7f44fad15000-7f44fae13000 rw-p 00000000 00:00 0                          [stack:12378]
7f44fae13000-7f44fae16000 ---p 00000000 00:00 0 
7f44fae16000-7f44faf14000 rw-p 00000000 00:00 0                          [stack:12377]
7f44faf14000-7f44faf17000 ---p 00000000 00:00 0 
7f44faf17000-7f44fb015000 rw-p 00000000 00:00 0                          [stack:12376]
7f44fb015000-7f44fb018000 ---p 00000000 00:00 0 
7f44fb018000-7f44fb116000 rw-p 00000000 00:00 0                          [stack:12375]
7f44fb116000-7f44fb7f8000 r--p 00000000 08:02 9312918                    /usr/lib/locale/locale-archive
7f44fb7f8000-7f44fb7fb000 ---p 00000000 00:00 0 
7f44fb7fb000-7f44fb8f9000 rw-p 00000000 00:00 0                          [stack:12372]
7f44fb8f9000-7f44fb8fc000 ---p 00000000 00:00 0 
7f44fb8fc000-7f44fb9fa000 rw-p 00000000 00:00 0                          [stack:12371]
7f44fb9fa000-7f44fb9fb000 ---p 00000000 00:00 0 
7f44fb9fb000-7f44fc000000 rw-p 00000000 00:00 0                          [stack:12370]
7f44fc000000-7f44fc021000 rw-p 00000000 00:00 0 
7f44fc021000-7f4500000000 ---p 00000000 00:00 0 
7f4500000000-7f4500002000 r--s 00009000 08:02 23855197                   /home/assios/.m2/repository/com/google/appengine/appengine-java-sdk/1.9.10/appengine-java-sdk/appengine-java-sdk-1.9.10/lib/impl/agent/appengine-agentruntime.jar
7f4500002000-7f4500004000 r--s 00003000 08:02 23855278                   /home/assios/.m2/repository/com/google/appengine/appengine-java-sdk/1.9.10/appengine-java-sdk/appengine-java-sdk-1.9.10/lib/tools/jsp/repackaged-appengine-jakarta-jstl-1.1.2.jar
7f4500004000-7f4500010000 r--s 00152000 08:02 23855280                   /home/assios/.m2/repository/com/google/appengine/appengine-java-sdk/1.9.10/appengine-java-sdk/appengine-java-sdk-1.9.10/lib/tools/jsp/repackaged-appengine-jasper-jdt-6.0.29.jar
7f4500010000-7f450001a000 r--s 0004b000 08:02 23855279                   /home/assios/.m2/repository/com/google/appengine/appengine-java-sdk/1.9.10/appengine-java-sdk/appengine-java-sdk-1.9.10/lib/tools/jsp/repackaged-appengine-jakarta-standard-1.1.2.jar
7f450001a000-7f4500049000 r--s 00d85000 08:02 23855198                   /home/assios/.m2/repository/com/google/appengine/appengine-java-sdk/1.9.10/appengine-java-sdk/appengine-java-sdk-1.9.10/lib/impl/appengine-api-labs.jar
7f4500049000-7f450004c000 r--s 00014000 08:02 23855272                   /home/assios/.m2/repository/com/google/appengine/appengine-java-sdk/1.9.10/appengine-java-sdk/appengine-java-sdk-1.9.10/lib/shared/servlet-api.jar
7f450004c000-7f4500060000 r--s 0012b000 08:02 23855267                   /home/assios/.m2/repository/com/google/appengine/appengine-java-sdk/1.9.10/appengine-java-sdk/appengine-java-sdk-1.9.10/lib/shared/jsp/repackaged-appengine-ant-1.7.1.jar
7f4500060000-7f45000f8000 r--s 006a6000 08:02 23855194                   /home/assios/.m2/repository/com/google/appengine/appengine-java-sdk/1.9.10/appengine-java-sdk/appengine-java-sdk-1.9.10/lib/appengine-tools-api.jar
7f45000f8000-7f4500b4b000 rw-p 00000000 00:00 0 
7f4500b4b000-7f4500cfc000 r--s 01d25000 08:02 10227668                   /usr/lib/jvm/java-7-openjdk-amd64/jre/lib/rt.jar
7f4500cfc000-7f4501000000 rw-p 00000000 00:00 0 
7f4501000000-7f4501270000 rwxp 00000000 00:00 0 
7f4501270000-7f4504d6a000 rw-p 00000000 00:00 0 
7f4504d6a000-7f4508000000 ---p 00000000 00:00 0 
7f4508000000-7f4508001000 r--s 00001000 08:02 23856617                   /home/assios/workspace/CS263/target/CS263-0.0.1-SNAPSHOT/WEB-INF/lib/javax.inject-2.2.0-b14.jar
7f4508001000-7f4508005000 r--s 00039000 08:02 23855262                   /home/assios/.m2/repository/com/google/appengine/appengine-java-sdk/1.9.10/appengine-java-sdk/appengine-java-sdk-1.9.10/lib/shared/appengine-local-runtime-shared.jar
7f4508005000-7f4508007000 r--s 00011000 08:02 23855264                   /home/assios/.m2/repository/com/google/appengine/appengine-java-sdk/1.9.10/appengine-java-sdk/appengine-java-sdk-1.9.10/lib/shared/jsp-api.jar
7f4508007000-7f450800e000 r--s 0007a000 08:02 23855269                   /home/assios/.m2/repository/com/google/appengine/appengine-java-sdk/1.9.10/appengine-java-sdk/appengine-java-sdk-1.9.10/lib/shared/jsp/repackaged-appengine-jasper-6.0.29.jar
7f450800e000-7f4508011000 r--s 00018000 08:02 23855270                   /home/assios/.m2/repository/com/google/appengine/appengine-java-sdk/1.9.10/appengine-java-sdk/appengine-java-sdk-1.9.10/lib/shared/jsp/repackaged-appengine-jasper-el-6.0.29.jar
7f4508011000-7f4508013000 r--s 00006000 08:02 23855263                   /home/assios/.m2/repository/com/google/appengine/appengine-java-sdk/1.9.10/appengine-java-sdk/appengine-java-sdk-1.9.10/lib/shared/el-api.jar
7f4508013000-7f450801c000 r--s 000b9000 08:02 10227647                   /usr/lib/jvm/java-7-openjdk-amd64/jre/lib/resources.jar
7f450801c000-7f450801f000 r--s 00017000 08:02 10227656                   /usr/lib/jvm/java-7-openjdk-amd64/jre/lib/jce.jar
7f450801f000-7f4508024000 r--s 0004c000 08:02 10227654                   /usr/lib/jvm/java-7-openjdk-amd64/jre/lib/jsse.jar
7f4508024000-7f4508029000 r--s 00054000 08:02 23855192                   /home/assios/.m2/repository/com/google/appengine/appengine-java-sdk/1.9.10/appengine-java-sdk/appengine-java-sdk-1.9.10/lib/agent/appengine-agentimpl.jar
7f4508029000-7f450802b000 r--s 00003000 08:02 23855191                   /home/assios/.m2/repository/com/google/appengine/appengine-java-sdk/1.9.10/appengine-java-sdk/appengine-java-sdk-1.9.10/lib/agent/appengine-agent.jar
7f450802b000-7f450a35b000 rw-p 00000000 00:00 0 
7f450a35b000-7f450a35c000 ---p 00000000 00:00 0 
7f450a35c000-7f450a45c000 rw-p 00000000 00:00 0                          [stack:12369]
7f450a45c000-7f450a45d000 ---p 00000000 00:00 0 
7f450a45d000-7f450a55d000 rw-p 00000000 00:00 0                          [stack:12368]
7f450a55d000-7f450a55e000 ---p 00000000 00:00 0 
7f450a55e000-7f450a65e000 rw-p 00000000 00:00 0                          [stack:12367]
7f450a65e000-7f450a65f000 ---p 00000000 00:00 0 
7f450a65f000-7f450a76f000 rw-p 00000000 00:00 0                          [stack:12366]
7f450a76f000-7f450a7b2000 rw-p 00000000 00:00 0 
7f450a7b2000-7f450a7c6000 rw-p 00000000 00:00 0 
7f450a7c6000-7f450a8f2000 rw-p 00000000 00:00 0 
7f450a8f2000-7f450a902000 rw-p 00000000 00:00 0 
7f450a902000-7f450a945000 rw-p 00000000 00:00 0 
7f450a945000-7f450a959000 rw-p 00000000 00:00 0 
7f450a959000-7f450aa85000 rw-p 00000000 00:00 0 
7f450aa85000-7f450ab08000 rw-p 00000000 00:00 0 
7f450ab08000-7f450ab25000 rw-p 00000000 00:00 0 
7f450ab25000-7f450ab26000 rw-p 00000000 00:00 0 
7f450ab26000-7f450ab2e000 r-xp 00000000 08:02 10360152                   /usr/lib/jvm/java-7-openjdk-amd64/jre/lib/amd64/libzip.so
7f450ab2e000-7f450ad2d000 ---p 00008000 08:02 10360152                   /usr/lib/jvm/java-7-openjdk-amd64/jre/lib/amd64/libzip.so
7f450ad2d000-7f450ad2e000 r--p 00007000 08:02 10360152                   /usr/lib/jvm/java-7-openjdk-amd64/jre/lib/amd64/libzip.so
7f450ad2e000-7f450ad2f000 rw-p 00008000 08:02 10360152                   /usr/lib/jvm/java-7-openjdk-amd64/jre/lib/amd64/libzip.so
7f450ad2f000-7f450ad3a000 r-xp 00000000 08:02 6815847                    /lib/x86_64-linux-gnu/libnss_files-2.19.so
7f450ad3a000-7f450af39000 ---p 0000b000 08:02 6815847                    /lib/x86_64-linux-gnu/libnss_files-2.19.so
7f450af39000-7f450af3a000 r--p 0000a000 08:02 6815847                    /lib/x86_64-linux-gnu/libnss_files-2.19.so
7f450af3a000-7f450af3b000 rw-p 0000b000 08:02 6815847                    /lib/x86_64-linux-gnu/libnss_files-2.19.so
7f450af3b000-7f450af46000 r-xp 00000000 08:02 6815848                    /lib/x86_64-linux-gnu/libnss_nis-2.19.so
7f450af46000-7f450b145000 ---p 0000b000 08:02 6815848                    /lib/x86_64-linux-gnu/libnss_nis-2.19.so
7f450b145000-7f450b146000 r--p 0000a000 08:02 6815848                    /lib/x86_64-linux-gnu/libnss_nis-2.19.so
7f450b146000-7f450b147000 rw-p 0000b000 08:02 6815848                    /lib/x86_64-linux-gnu/libnss_nis-2.19.so
7f450b147000-7f450b15e000 r-xp 00000000 08:02 6815834                    /lib/x86_64-linux-gnu/libnsl-2.19.so
7f450b15e000-7f450b35d000 ---p 00017000 08:02 6815834                    /lib/x86_64-linux-gnu/libnsl-2.19.so
7f450b35d000-7f450b35e000 r--p 00016000 08:02 6815834                    /lib/x86_64-linux-gnu/libnsl-2.19.so
7f450b35e000-7f450b35f000 rw-p 00017000 08:02 6815834                    /lib/x86_64-linux-gnu/libnsl-2.19.so
7f450b35f000-7f450b361000 rw-p 00000000 00:00 0 
7f450b361000-7f450b36a000 r-xp 00000000 08:02 6815773                    /lib/x86_64-linux-gnu/libnss_compat-2.19.so
7f450b36a000-7f450b569000 ---p 00009000 08:02 6815773                    /lib/x86_64-linux-gnu/libnss_compat-2.19.so
7f450b569000-7f450b56a000 r--p 00008000 08:02 6815773                    /lib/x86_64-linux-gnu/libnss_compat-2.19.so
7f450b56a000-7f450b56b000 rw-p 00009000 08:02 6815773                    /lib/x86_64-linux-gnu/libnss_compat-2.19.so
7f450b56b000-7f450b575000 r-xp 00000000 08:02 10360151                   /usr/lib/jvm/java-7-openjdk-amd64/jre/lib/amd64/libinstrument.so
7f450b575000-7f450b774000 ---p 0000a000 08:02 10360151                   /usr/lib/jvm/java-7-openjdk-amd64/jre/lib/amd64/libinstrument.so
7f450b774000-7f450b775000 r--p 00009000 08:02 10360151                   /usr/lib/jvm/java-7-openjdk-amd64/jre/lib/amd64/libinstrument.so
7f450b775000-7f450b776000 rw-p 0000a000 08:02 10360151                   /usr/lib/jvm/java-7-openjdk-amd64/jre/lib/amd64/libinstrument.so
7f450b776000-7f450b7a1000 r-xp 00000000 08:02 10360158                   /usr/lib/jvm/java-7-openjdk-amd64/jre/lib/amd64/libjava.so
7f450b7a1000-7f450b9a0000 ---p 0002b000 08:02 10360158                   /usr/lib/jvm/java-7-openjdk-amd64/jre/lib/amd64/libjava.so
7f450b9a0000-7f450b9a1000 r--p 0002a000 08:02 10360158                   /usr/lib/jvm/java-7-openjdk-amd64/jre/lib/amd64/libjava.so
7f450b9a1000-7f450b9a3000 rw-p 0002b000 08:02 10360158                   /usr/lib/jvm/java-7-openjdk-amd64/jre/lib/amd64/libjava.so
7f450b9a3000-7f450b9b3000 r-xp 00000000 08:02 10361300                   /usr/lib/jvm/java-7-openjdk-amd64/jre/lib/amd64/libverify.so
7f450b9b3000-7f450bbb2000 ---p 00010000 08:02 10361300                   /usr/lib/jvm/java-7-openjdk-amd64/jre/lib/amd64/libverify.so
7f450bbb2000-7f450bbb4000 r--p 0000f000 08:02 10361300                   /usr/lib/jvm/java-7-openjdk-amd64/jre/lib/amd64/libverify.so
7f450bbb4000-7f450bbb5000 rw-p 00011000 08:02 10361300                   /usr/lib/jvm/java-7-openjdk-amd64/jre/lib/amd64/libverify.so
7f450bbb5000-7f450bbbc000 r-xp 00000000 08:02 6815836                    /lib/x86_64-linux-gnu/librt-2.19.so
7f450bbbc000-7f450bdbb000 ---p 00007000 08:02 6815836                    /lib/x86_64-linux-gnu/librt-2.19.so
7f450bdbb000-7f450bdbc000 r--p 00006000 08:02 6815836                    /lib/x86_64-linux-gnu/librt-2.19.so
7f450bdbc000-7f450bdbd000 rw-p 00007000 08:02 6815836                    /lib/x86_64-linux-gnu/librt-2.19.so
7f450bdbd000-7f450bdd3000 r-xp 00000000 08:02 6819692                    /lib/x86_64-linux-gnu/libgcc_s.so.1
7f450bdd3000-7f450bfd2000 ---p 00016000 08:02 6819692                    /lib/x86_64-linux-gnu/libgcc_s.so.1
7f450bfd2000-7f450bfd3000 rw-p 00015000 08:02 6819692                    /lib/x86_64-linux-gnu/libgcc_s.so.1
7f450bfd3000-7f450c0d8000 r-xp 00000000 08:02 6815843                    /lib/x86_64-linux-gnu/libm-2.19.so
7f450c0d8000-7f450c2d7000 ---p 00105000 08:02 6815843                    /lib/x86_64-linux-gnu/libm-2.19.so
7f450c2d7000-7f450c2d8000 r--p 00104000 08:02 6815843                    /lib/x86_64-linux-gnu/libm-2.19.so
7f450c2d8000-7f450c2d9000 rw-p 00105000 08:02 6815843                    /lib/x86_64-linux-gnu/libm-2.19.so
7f450c2d9000-7f450c3bf000 r-xp 00000000 08:02 9314737                    /usr/lib/x86_64-linux-gnu/libstdc++.so.6.0.19
7f450c3bf000-7f450c5be000 ---p 000e6000 08:02 9314737                    /usr/lib/x86_64-linux-gnu/libstdc++.so.6.0.19
7f450c5be000-7f450c5c6000 r--p 000e5000 08:02 9314737                    /usr/lib/x86_64-linux-gnu/libstdc++.so.6.0.19
7f450c5c6000-7f450c5c8000 rw-p 000ed000 08:02 9314737                    /usr/lib/x86_64-linux-gnu/libstdc++.so.6.0.19
7f450c5c8000-7f450c5dd000 rw-p 00000000 00:00 0 
7f450c5dd000-7f450d0f3000 r-xp 00000000 08:02 10361306                   /usr/lib/jvm/java-7-openjdk-amd64/jre/lib/amd64/server/libjvm.so
7f450d0f3000-7f450d2f2000 ---p 00b16000 08:02 10361306                   /usr/lib/jvm/java-7-openjdk-amd64/jre/lib/amd64/server/libjvm.so
7f450d2f2000-7f450d38c000 r--p 00b15000 08:02 10361306                   /usr/lib/jvm/java-7-openjdk-amd64/jre/lib/amd64/server/libjvm.so
7f450d38c000-7f450d3af000 rw-p 00baf000 08:02 10361306                   /usr/lib/jvm/java-7-openjdk-amd64/jre/lib/amd64/server/libjvm.so
7f450d3af000-7f450d3dd000 rw-p 00000000 00:00 0 
7f450d3dd000-7f450d3f5000 r-xp 00000000 08:02 6819878                    /lib/x86_64-linux-gnu/libz.so.1.2.8
7f450d3f5000-7f450d5f4000 ---p 00018000 08:02 6819878                    /lib/x86_64-linux-gnu/libz.so.1.2.8
7f450d5f4000-7f450d5f5000 r--p 00017000 08:02 6819878                    /lib/x86_64-linux-gnu/libz.so.1.2.8
7f450d5f5000-7f450d5f6000 rw-p 00018000 08:02 6819878                    /lib/x86_64-linux-gnu/libz.so.1.2.8
7f450d5f6000-7f450d60f000 r-xp 00000000 08:02 6820628                    /lib/x86_64-linux-gnu/libpthread-2.19.so
7f450d60f000-7f450d80e000 ---p 00019000 08:02 6820628                    /lib/x86_64-linux-gnu/libpthread-2.19.so
7f450d80e000-7f450d80f000 r--p 00018000 08:02 6820628                    /lib/x86_64-linux-gnu/libpthread-2.19.so
7f450d80f000-7f450d810000 rw-p 00019000 08:02 6820628                    /lib/x86_64-linux-gnu/libpthread-2.19.so
7f450d810000-7f450d814000 rw-p 00000000 00:00 0 
7f450d814000-7f450d817000 r-xp 00000000 08:02 6819743                    /lib/x86_64-linux-gnu/libdl-2.19.so
7f450d817000-7f450da16000 ---p 00003000 08:02 6819743                    /lib/x86_64-linux-gnu/libdl-2.19.so
7f450da16000-7f450da17000 r--p 00002000 08:02 6819743                    /lib/x86_64-linux-gnu/libdl-2.19.so
7f450da17000-7f450da18000 rw-p 00003000 08:02 6819743                    /lib/x86_64-linux-gnu/libdl-2.19.so
7f450da18000-7f450dbd3000 r-xp 00000000 08:02 6815840                    /lib/x86_64-linux-gnu/libc-2.19.so
7f450dbd3000-7f450ddd3000 ---p 001bb000 08:02 6815840                    /lib/x86_64-linux-gnu/libc-2.19.so
7f450ddd3000-7f450ddd7000 r--p 001bb000 08:02 6815840                    /lib/x86_64-linux-gnu/libc-2.19.so
7f450ddd7000-7f450ddd9000 rw-p 001bf000 08:02 6815840                    /lib/x86_64-linux-gnu/libc-2.19.so
7f450ddd9000-7f450ddde000 rw-p 00000000 00:00 0 
7f450ddde000-7f450ddeb000 r-xp 00000000 08:02 10360156                   /usr/lib/jvm/java-7-openjdk-amd64/jre/lib/amd64/jli/libjli.so
7f450ddeb000-7f450dfea000 ---p 0000d000 08:02 10360156                   /usr/lib/jvm/java-7-openjdk-amd64/jre/lib/amd64/jli/libjli.so
7f450dfea000-7f450dfeb000 r--p 0000c000 08:02 10360156                   /usr/lib/jvm/java-7-openjdk-amd64/jre/lib/amd64/jli/libjli.so
7f450dfeb000-7f450dfec000 rw-p 0000d000 08:02 10360156                   /usr/lib/jvm/java-7-openjdk-amd64/jre/lib/amd64/jli/libjli.so
7f450dfec000-7f450e00f000 r-xp 00000000 08:02 6815841                    /lib/x86_64-linux-gnu/ld-2.19.so
7f450e00f000-7f450e010000 r--s 00006000 08:02 23855271                   /home/assios/.m2/repository/com/google/appengine/appengine-java-sdk/1.9.10/appengine-java-sdk/appengine-java-sdk-1.9.10/lib/shared/jsp/repackaged-appengine-tomcat-juli-6.0.29.jar
7f450e010000-7f450e013000 r--s 0000f000 08:02 10361320                   /usr/lib/jvm/java-7-openjdk-amd64/jre/lib/ext/icedtea-sound.jar
7f450e013000-7f450e033000 rw-p 00000000 00:00 0 
7f450e033000-7f450e0e9000 rw-p 00000000 00:00 0 
7f450e0e9000-7f450e0ec000 ---p 00000000 00:00 0 
7f450e0ec000-7f450e1ef000 rw-p 00000000 00:00 0                          [stack:12365]
7f450e1ef000-7f450e1f0000 r--s 00002000 08:02 23855268                   /home/assios/.m2/repository/com/google/appengine/appengine-java-sdk/1.9.10/appengine-java-sdk/appengine-java-sdk-1.9.10/lib/shared/jsp/repackaged-appengine-ant-launcher-1.7.1.jar
7f450e1f0000-7f450e1f2000 r--s 00012000 08:02 10361321                   /usr/lib/jvm/java-7-openjdk-amd64/jre/lib/ext/zipfs.jar
7f450e1f2000-7f450e1f3000 r--s 00002000 08:02 10361325                   /usr/lib/jvm/java-7-openjdk-amd64/jre/lib/ext/dnsns.jar
7f450e1f3000-7f450e1f7000 r--s 00085000 08:02 10361323                   /usr/lib/jvm/java-7-openjdk-amd64/jre/lib/ext/localedata.jar
7f450e1f7000-7f450e1f9000 r--s 00006000 08:02 9701953                    /usr/share/java/java-atk-wrapper.jar
7f450e1f9000-7f450e1fd000 r--s 0003c000 08:02 10361322                   /usr/lib/jvm/java-7-openjdk-amd64/jre/lib/ext/sunpkcs11.jar
7f450e1fd000-7f450e201000 r--s 00034000 08:02 10361324                   /usr/lib/jvm/java-7-openjdk-amd64/jre/lib/ext/sunjce_provider.jar
7f450e201000-7f450e202000 r--s 00000000 08:02 23855259                   /home/assios/.m2/repository/com/google/appengine/appengine-java-sdk/1.9.10/appengine-java-sdk/appengine-java-sdk-1.9.10/lib/override/appengine-dev-jdk-overrides.jar
7f450e202000-7f450e20a000 rw-s 00000000 08:02 1442566                    /tmp/hsperfdata_assios/12363
7f450e20a000-7f450e20b000 rw-p 00000000 00:00 0 
7f450e20b000-7f450e20c000 r--p 00000000 00:00 0 
7f450e20c000-7f450e20e000 rw-p 00000000 00:00 0 
7f450e20e000-7f450e20f000 r--p 00022000 08:02 6815841                    /lib/x86_64-linux-gnu/ld-2.19.so
7f450e20f000-7f450e210000 rw-p 00023000 08:02 6815841                    /lib/x86_64-linux-gnu/ld-2.19.so
7f450e210000-7f450e211000 rw-p 00000000 00:00 0 
7fffb9bab000-7fffb9bcd000 rw-p 00000000 00:00 0                          [stack]
7fffb9bfe000-7fffb9c00000 r-xp 00000000 00:00 0                          [vdso]
ffffffffff600000-ffffffffff601000 r-xp 00000000 00:00 0                  [vsyscall]

VM Arguments:
jvm_args: -javaagent:/home/assios/.m2/repository/com/google/appengine/appengine-java-sdk/1.9.10/appengine-java-sdk/appengine-java-sdk-1.9.10/lib/agent/appengine-agent.jar -Xbootclasspath/p:/home/assios/.m2/repository/com/google/appengine/appengine-java-sdk/1.9.10/appengine-java-sdk/appengine-java-sdk-1.9.10/lib/override/appengine-dev-jdk-overrides.jar -Dappengine.fullscan.seconds=5 
java_command: com.google.appengine.tools.development.DevAppServerMain --allow_remote_shutdown /home/assios/workspace/CS263/target/CS263-0.0.1-SNAPSHOT
Launcher Type: SUN_STANDARD

Environment Variables:
JAVA_HOME=/usr/lib/jvm/java-1.7.0-openjdk-amd6
PATH=/home/assios/.rvm/gems/ruby-2.1.3/bin:/home/assios/.rvm/gems/ruby-2.1.3@global/bin:/home/assios/.rvm/rubies/ruby-2.1.3/bin:/usr/local/sbin:/usr/local/bin:/usr/sbin:/usr/bin:/sbin:/bin:/usr/games:/usr/local/games:$PATH:$JAVA_HOME/bin:/home/assios/.rvm/bin:/home/assios/.rvm/bin
SHELL=/bin/bash
DISPLAY=:0

Signal Handlers:
SIGSEGV: [libjvm.so+0x9495e0], sa_mask[0]=0x7ffbfeff, sa_flags=0x10000004
SIGBUS: [libjvm.so+0x9495e0], sa_mask[0]=0x7ffbfeff, sa_flags=0x10000004
SIGFPE: [libjvm.so+0x7c3410], sa_mask[0]=0x7ffbfeff, sa_flags=0x10000004
SIGPIPE: SIG_IGN, sa_mask[0]=0x00000000, sa_flags=0x00000000
SIGXFSZ: [libjvm.so+0x7c3410], sa_mask[0]=0x7ffbfeff, sa_flags=0x10000004
SIGILL: [libjvm.so+0x7c3410], sa_mask[0]=0x7ffbfeff, sa_flags=0x10000004
SIGUSR1: SIG_DFL, sa_mask[0]=0x00000000, sa_flags=0x00000000
SIGUSR2: [libjvm.so+0x7c32b0], sa_mask[0]=0x00000004, sa_flags=0x10000004
SIGHUP: [libjvm.so+0x7c3490], sa_mask[0]=0x7ffbfeff, sa_flags=0x10000004
SIGINT: [libjvm.so+0x7c3490], sa_mask[0]=0x7ffbfeff, sa_flags=0x10000004
SIGTERM: [libjvm.so+0x7c3490], sa_mask[0]=0x7ffbfeff, sa_flags=0x10000004
SIGQUIT: [libjvm.so+0x7c3490], sa_mask[0]=0x7ffbfeff, sa_flags=0x10000004
SIGTRAP: SIG_DFL, sa_mask[0]=0x00000000, sa_flags=0x00000000


---------------  S Y S T E M  ---------------

OS:Ubuntu 14.04 (trusty)
uname:Linux 3.13.0-37-generic #64-Ubuntu SMP Mon Sep 22 21:28:38 UTC 2014 x86_64
libc:glibc 2.19 NPTL 2.19 
rlimit: STACK 8192k, CORE 0k, NPROC 29137, NOFILE 4096, AS infinity
load average:0.73 0.99 0.96

/proc/meminfo:
MemTotal:        3931244 kB
MemFree:          133136 kB
Buffers:            3280 kB
Cached:           628112 kB
SwapCached:        90224 kB
Active:          2606920 kB
Inactive:         947424 kB
Active(anon):    2497808 kB
Inactive(anon):   834448 kB
Active(file):     109112 kB
Inactive(file):   112976 kB
Unevictable:         156 kB
Mlocked:             156 kB
SwapTotal:       4076540 kB
SwapFree:        2418836 kB
Dirty:              2564 kB
Writeback:             0 kB
AnonPages:       2879568 kB
Mapped:           174268 kB
Shmem:            409464 kB
Slab:              82712 kB
SReclaimable:      40580 kB
SUnreclaim:        42132 kB
KernelStack:        6632 kB
PageTables:        62212 kB
NFS_Unstable:          0 kB
Bounce:                0 kB
WritebackTmp:          0 kB
CommitLimit:     6042160 kB
Committed_AS:   10845876 kB
VmallocTotal:   34359738367 kB
VmallocUsed:      401288 kB
VmallocChunk:   34359330812 kB
HardwareCorrupted:     0 kB
AnonHugePages:    765952 kB
HugePages_Total:       0
HugePages_Free:        0
HugePages_Rsvd:        0
HugePages_Surp:        0
Hugepagesize:       2048 kB
DirectMap4k:       94164 kB
DirectMap2M:     3983360 kB


CPU:total 4 (2 cores per cpu, 2 threads per core) family 6 model 58 stepping 9, cmov, cx8, fxsr, mmx, sse, sse2, sse3, ssse3, sse4.1, sse4.2, popcnt, avx, aes, erms, ht, tsc, tscinvbit, tscinv

/proc/cpuinfo:
processor	: 0
vendor_id	: GenuineIntel
cpu family	: 6
model		: 58
model name	: Intel(R) Core(TM) i5-3317U CPU @ 1.70GHz
stepping	: 9
microcode	: 0x15
cpu MHz		: 1701.000
cache size	: 3072 KB
physical id	: 0
siblings	: 4
core id		: 0
cpu cores	: 2
apicid		: 0
initial apicid	: 0
fpu		: yes
fpu_exception	: yes
cpuid level	: 13
wp		: yes
flags		: fpu vme de pse tsc msr pae mce cx8 apic sep mtrr pge mca cmov pat pse36 clflush dts acpi mmx fxsr sse sse2 ss ht tm pbe syscall nx rdtscp lm constant_tsc arch_perfmon pebs bts rep_good nopl xtopology nonstop_tsc aperfmperf eagerfpu pni pclmulqdq dtes64 monitor ds_cpl vmx est tm2 ssse3 cx16 xtpr pdcm pcid sse4_1 sse4_2 x2apic popcnt tsc_deadline_timer aes xsave avx f16c rdrand lahf_lm ida arat epb xsaveopt pln pts dtherm tpr_shadow vnmi flexpriority ept vpid fsgsbase smep erms
bogomips	: 3392.48
clflush size	: 64
cache_alignment	: 64
address sizes	: 36 bits physical, 48 bits virtual
power management:

processor	: 1
vendor_id	: GenuineIntel
cpu family	: 6
model		: 58
model name	: Intel(R) Core(TM) i5-3317U CPU @ 1.70GHz
stepping	: 9
microcode	: 0x15
cpu MHz		: 800.000
cache size	: 3072 KB
physical id	: 0
siblings	: 4
core id		: 1
cpu cores	: 2
apicid		: 2
initial apicid	: 2
fpu		: yes
fpu_exception	: yes
cpuid level	: 13
wp		: yes
flags		: fpu vme de pse tsc msr pae mce cx8 apic sep mtrr pge mca cmov pat pse36 clflush dts acpi mmx fxsr sse sse2 ss ht tm pbe syscall nx rdtscp lm constant_tsc arch_perfmon pebs bts rep_good nopl xtopology nonstop_tsc aperfmperf eagerfpu pni pclmulqdq dtes64 monitor ds_cpl vmx est tm2 ssse3 cx16 xtpr pdcm pcid sse4_1 sse4_2 x2apic popcnt tsc_deadline_timer aes xsave avx f16c rdrand lahf_lm ida arat epb xsaveopt pln pts dtherm tpr_shadow vnmi flexpriority ept vpid fsgsbase smep erms
bogomips	: 3392.48
clflush size	: 64
cache_alignment	: 64
address sizes	: 36 bits physical, 48 bits virtual
power management:

processor	: 2
vendor_id	: GenuineIntel
cpu family	: 6
model		: 58
model name	: Intel(R) Core(TM) i5-3317U CPU @ 1.70GHz
stepping	: 9
microcode	: 0x15
cpu MHz		: 1701.000
cache size	: 3072 KB
physical id	: 0
siblings	: 4
core id		: 0
cpu cores	: 2
apicid		: 1
initial apicid	: 1
fpu		: yes
fpu_exception	: yes
cpuid level	: 13
wp		: yes
flags		: fpu vme de pse tsc msr pae mce cx8 apic sep mtrr pge mca cmov pat pse36 clflush dts acpi mmx fxsr sse sse2 ss ht tm pbe syscall nx rdtscp lm constant_tsc arch_perfmon pebs bts rep_good nopl xtopology nonstop_tsc aperfmperf eagerfpu pni pclmulqdq dtes64 monitor ds_cpl vmx est tm2 ssse3 cx16 xtpr pdcm pcid sse4_1 sse4_2 x2apic popcnt tsc_deadline_timer aes xsave avx f16c rdrand lahf_lm ida arat epb xsaveopt pln pts dtherm tpr_shadow vnmi flexpriority ept vpid fsgsbase smep erms
bogomips	: 3392.48
clflush size	: 64
cache_alignment	: 64
address sizes	: 36 bits physical, 48 bits virtual
power management:

processor	: 3
vendor_id	: GenuineIntel
cpu family	: 6
model		: 58
model name	: Intel(R) Core(TM) i5-3317U CPU @ 1.70GHz
stepping	: 9
microcode	: 0x15
cpu MHz		: 1200.000
cache size	: 3072 KB
physical id	: 0
siblings	: 4
core id		: 1
cpu cores	: 2
apicid		: 3
initial apicid	: 3
fpu		: yes
fpu_exception	: yes
cpuid level	: 13
wp		: yes
flags		: fpu vme de pse tsc msr pae mce cx8 apic sep mtrr pge mca cmov pat pse36 clflush dts acpi mmx fxsr sse sse2 ss ht tm pbe syscall nx rdtscp lm constant_tsc arch_perfmon pebs bts rep_good nopl xtopology nonstop_tsc aperfmperf eagerfpu pni pclmulqdq dtes64 monitor ds_cpl vmx est tm2 ssse3 cx16 xtpr pdcm pcid sse4_1 sse4_2 x2apic popcnt tsc_deadline_timer aes xsave avx f16c rdrand lahf_lm ida arat epb xsaveopt pln pts dtherm tpr_shadow vnmi flexpriority ept vpid fsgsbase smep erms
bogomips	: 3392.48
clflush size	: 64
cache_alignment	: 64
address sizes	: 36 bits physical, 48 bits virtual
power management:



Memory: 4k page, physical 3931244k(132640k free), swap 4076540k(2418836k free)

vm_info: OpenJDK 64-Bit Server VM (24.65-b04) for linux-amd64 JRE (1.7.0_65-b32), built on Oct 22 2014 04:37:44 by "buildd" with gcc 4.8.2

time: Sat Oct 25 01:10:35 2014
elapsed time: 197 seconds

